# QEMU configure log Sun Jun  9 12:49:57 CST 2024
# Configured with: '../configure' '--target-list=arm-softmmu,arm-linux-user'

#
cc -c -o config-temp/qemu-conf.o config-temp/qemu-conf.c
cc -c -o config-temp/qemu-conf.o config-temp/qemu-conf.c
config-temp/qemu-conf.c:2:2: error: #error __i386__ not defined
    2 | #error __i386__ not defined
      |  ^~~~~
cc -c -o config-temp/qemu-conf.o config-temp/qemu-conf.c
cc -c -o config-temp/qemu-conf.o config-temp/qemu-conf.c
config-temp/qemu-conf.c:2:2: error: #error __ILP32__ not defined
    2 | #error __ILP32__ not defined
      |  ^~~~~
cc -m64 -c -o config-temp/qemu-conf.o config-temp/qemu-conf.c
cc -m64 -Werror -fPIE -DPIE -o config-temp/qemu-conf.exe config-temp/qemu-conf.c -pie
cc -m64 -o config-temp/qemu-conf.exe config-temp/qemu-conf.c
config-temp/qemu-conf.c:2:3: error: #error LITTLE
    2 | # error LITTLE
      |   ^~~~~
arm-linux-gnueabihf-gcc -o config-temp/qemu-conf.o -c config-temp/qemu-conf.c
arm-linux-gnueabihf-gcc -r -nostdlib -o config-temp/qemu-conf2.o config-temp/qemu-conf.o -lgcc
arm-linux-gnueabihf-gcc -o config-temp/qemu-conf.exe config-temp/qemu-conf.c -static
